S01800006275696C642F6D696361322F6D61696E2E737265632D
S11300000C949D010C94EC050C94F6050C940006DC
S11300100C940A060C9414060C941E060C942806E0
S11300200C9432060C94BC010C94BC010C946E0626
S11300300C944D060C9458060C947F060C949F0661
S11300400C943C060C94460A0C94BC010C94BC0120
S11300500C94BC010C9408090C94BC010C94BC01D4
S11300600C9463060C94BC010C94BC010C94BC016C
S11300700C94BC010C94BC010C94BC010C94BC0108
S11300800C94BC010C94BC010C94BC01830FA90F0B
S1130090BC0FC70FC90FCD0FD10FD70FEA0FFB0F3E
S11300A02E108610A7108A119011A411F2116E124D
S11300B091127B0F351300002110422063308440DD
S11300C0A550C660E770088129914AA16BB18CC123
S11300D0ADD1CEE1EFF13112100273325222B5529A
S11300E09442F772D662399318837BB35AA3BDD373
S11300F09CC3FFF3DEE36224433420040114E6646A
S1130100C774A44485546AA54BB528850995EEE5C2
S1130110CFF5ACC58DD55336722611163006D77679
S1130120F6669556B4465BB77AA719973887DFF712
S1130130FEE79DD7BCC7C448E5588668A778400841
S1130140611802282338CCC9EDD98EE9AFF9488962
S113015069990AA92BB9F55AD44AB77A966A711AD9
S1130160500A333A122AFDDBDCCBBFFB9EEB799BB2
S1130170588B3BBB1AABA66C877CE44CC55C222C29
S1130180033C600C411CAEED8FFDECCDCDDD2AAD02
S11301900BBD688D499D977EB66ED55EF44E133EB9
S11301A0322E511E700E9FFFBEEFDDDFFCCF1BBF52
S11301B03AAF599F788F8891A981CAB1EBA10CD12C
S11301C02DC14EF16FE18010A100C230E320045034
S11301D0254046706760B9839893FBA3DAB33DC3A7
S11301E01CD37FE35EF3B1029012F322D232354284
S11301F0145277625672EAB5CBA5A89589856EF537
S11302004FE52CD50DC5E234C324A01481046674D3
S1130210476424540544DBA7FAB79987B8975FE786
S11302207EF71DC73CD7D326F2369106B016576623
S11302307676154634564CD96DC90EF92FE9C8990E
S1130240E9898AB9ABA94458654806782768C01873
S1130250E1088238A3287DCB5CDB3FEB1EFBF98BE6
S1130260D89BBBAB9ABB754A545A376A167AF10AC3
S1130270D01AB32A923A2EFD0FED6CDD4DCDAABDF6
S11302808BADE89DC98D267C076C645C454CA23C13
S1130290832CE01CC10C1FEF3EFF5DCF7CDF9BAFC6
S11302A0BABFD98FF89F176E367E554E745E932E63
S11302B0B23ED10EF01E00081C181410ABBA83AA6B
S11302C0AA3158000057F685035544020F60E02612
S11302D01C6B557081317C00007BF9AE02388C3286
S11302E080401026A16B5510F33151000050F74F98
S11302F0030E44020F58E026A16B557081315CE077
S1130300005CDB4201AA8C3280301026A16B5510B0
S1130310F3314560004555BB039C80020F68E0261D
S1130320A16B5470813158000057F6850355900233
S11303300F60E026A16B5570810011241FBECFEF22
S1130340D0E1DEBFCDBF11E0A0E0B1E0EEE9FEE216
S113035000E00BBF02C007900D92A631B107D9F798
S113036012E0A6E1B1E001C01D92AE31B107E1F7A0
S11303700E9484130C944E170C9400008FB7F894C9
S1130380992708958FBF08956091C0017091C101AC
S11303902CB53DB506B602FE04C06F5F7F4F2CB589
S11303A03DB588279927CB0177276627442755270A
S11303B0622B732B842B952B0895E6EBF0E06927D1
S11303C0660FF11DE60FF11DC895982F802D31960B
S11303D0C89590250895880F949890E087FF02C0EF
S11303E0979A01C097989698969A9F5F973011F0C4
S11303F0880FF4CF979A9698969A949A80E067FF1C
S113040002C0979A01C097989698969A8F5F883001
S113041011F0660FF4CF949A979A969A0895609182
S1130420F50189E00E94EB0160E08BE00E94EB01A2
S113043061E180E00E94EB018DE790E00197019675
S11304400197E1F70895282F9FB7F894E82FFF2725
S1130450E85CFE4F80818F3F81F4E0910902E2174E
S113046071F40BC02093FE0104C0FF27E85CFE4F2B
S113047020832093090220E007C025E005C0809175
S1130480FE018F3F91F7EECF892F99278FBF822FDF
S1130490992708952F923F924F925F926F927F9285
S11304A08F929F92AF92BF92CF92DF92EF92FF9280
S11304B00F931F93CF93DF93CDB7DEB728970FB673
S11304C0F894DEBF0FBECDBF209085013090860129
S11304D040908701509088016624772488247EE424
S11304E0A72E63E8B62ECC24DD24EE24FF2400E0FE
S11304F010E0222D332D442D552D662D772D882D7A
S113050090E00E944E1529833A834B835C836D836C
S11305107E838F839887822E932EA42EB52E24015A
S1130520350100E20E944C16A22EB32EC42ED52E05
S1130530C301B20196958795779567956A0D7B1DE2
S11305408C1D9D1D97FF05C09F776F5F7F4F8F4F59
S11305509F4F6093850170938601809387019093E8
S1130560880128960FB6F894DEBF0FBECDBFDF9189
S1130570CF911F910F91FF90EF90DF90CF90BF909C
S1130580AF909F908F907F906F905F904F903F902F
S11305902F9008958FB7F8949927379A8FBF80E0EA
S11305A090E0089580910102882321F0813021F4A4
S11305B078E00DC078E008C0882329F0813031F05C
S11305C02FE170E005C070E021E002C070E020E09F
S11305D0622FEFB7F89480914F018E7F80934F0183
S11305E087B1982F9F71829586958695837019F0AF
S11305F080E090E012C0822F8850863118F081E0AC
S113060090E00BC040E050E03327892F992728174A
S1130610390711F441E050E0CA01982F9170990F05
S113062080914F018178262F2F71422F440F440F60
S1130630892B842B80934F01332727B9783059F5C0
S11306408091FF019091000221E08638920718F012
S113065087E090E01FC0833C910518F086E090E0AD
S113066019C08136910518F085E090E013C08033FD
S1130670910518F084E090E00DC08831910518F0E0
S113068083E090E007C00C9718F082E090E002C08D
S113069080E090E0782F7770887D872B886D99278C
S11306A086B98E2F99278FBF0895982F9695969582
S11306B09695E2ECF1E0E90FF11D877021E030E05E
S11306C002C0220F331F8A95E2F780818223992783
S11306D0089580912301823069F480910701843068
S11306E019F085E08093070181E0809323018DE078
S11306F00E942302089561EE80E00E94EB01609164
S1130700540189E00E94EB018AEF90E00197019681
S11307100197E1F76091BC018BE00E94EB0184E159
S113072090E0019701960197E1F70895E0910501A2
S1130730F091060185A19927982F882726A13327B0
S1130740822B932BCC96209108013091090147A16B
S11307508217930710F4426001C04D7F47A382E1E2
S11307600E94230285E08093250108956FE380E0D1
S11307700E94EB0160E08BE00E94EB010895EF9290
S11307800F931F93AE2D99E0899FF0011124EB5331
S1130790FE4F4083518362837383048315832683CE
S11307A03783A17080858E7F8A2B826080878AE060
S11307B00E9423021F910F91EF9008957FB7F89440
S11307C062B720912701309128014091290150916D
S11307D02A0106B601FE0FC081B792B7280F311D5A
S11307E0411D511D2F5F3F4F4F4F5F4F290F311D4B
S11307F0411D511D04C0260F311D411D511D872F60
S113080099278FBFCA01B901089582E08093250119
S11308101092EA011092E9010E940F02BB98BA9863
S113082080EC8DB9B8980895EF92FF920F931F93BF
S1130830CF93DF93982F8FB7F894E82E80912201FD
S1130840833009F045C080910401891709F040C044
S11308508091C201882309F046C03EC0EF2DE69581
S1130860E695E695FF274F2D5527EE53FE4F9A0147
S11308702770307081E090E002C0880F991F2A959C
S1130880E2F78095208128232083C093210111C0A1
S11308902196C230D10511F4C0E0D0E0FC2E8C2F9B
S11308A00E9455038823D1F6C017D10789F74FEF6B
S11308B050E04093C3018FEF8093040181E0809363
S11308C022018BE00E942302EFBE80E090E011C081
S11308D0EFBE81E090E00DC082E0809304011092AD
S11308E022013798F1CF80912101082F1127E801C7
S11308F0CFCFDF91CF911F910F91FF90EF9008958B
S11309009FB7F894292F3327422F9091020198170B
S113091041F480911801833021F42FBF81E090E0ED
S113092008954FBF80E090E00895982F969596958E
S11309309695E7E3F1E0E90FF11D877021E030E0DF
S113094002C0220F331F8A95E2F780818223992700
S11309500895DF92EF92FF920F931F938FB7F8944D
S1130960282F3327D22E91B782B746B7981711F0A4
S113097041FF02C02FBF6AC08091BD018823E1F10D
S11309800E94DE03E090ED01F090EE010091EF0192
S11309901091F001209133013091340140913501DF
S11309A0509136016E197F09800B910B6217730702
S11309B08407950720F01092BD0171E01EC02E0D32
S11309C03F1D401F511F8091270190912801A09144
S11309D02901B0912A01281B390B4A0B5B0B273ED6
S11309E031054105510540F4822F223010F070E0AA
S11309F005C070E082E002C070E086EE682F6150AE
S1130A0000B601FCFDCF82B7681709F46F5F20912F
S1130A102701309128014091290150912A01DA01DE
S1130A20C9010196A11DB11D860F911DA11DB11D06
S1130A3082179307A407B50710F4622F609561BF6E
S1130A40DFBE772319F089E00E9423021F910F91E2
S1130A50FF90EF90DF900895AFB7F894BB27E1E0E3
S1130A60E093BD016093ED017093EE018093EF017B
S1130A709093F00120933301309334014093350176
S1130A8050933601AFBF0E94A9040895982F9695FC
S1130A9096959695E4ECF1E0E90FF11D877021E05D
S1130AA030E002C0220F331F8A95E2F7808182234F
S1130AB0992708950F931F93CF93DF93182F8FB720
S1130AC0F894282F3327022F80911801882331F5B9
S1130AD081E0809318011093F3012FBF8FB7F8942E
S1130AE0C82FDD279C2F809102018230A9F48091C8
S1130AF01801813021F480E00E94230209C0823071
S1130B0059F48091F3018093020183E080931801EA
S1130B10CFBF80E090E025C09FBFFBCF8091F30161
S1130B20811711F42FBFF5CF812F0E94460588232A
S1130B3019F085E090E014C0E12FE695E695E6957E
S1130B40FF27EC53FE4F177081E090E002C0880F3E
S1130B50991F1A95E2F72081282B208380E090E0EA
S1130B600FBFDF91CF911F910F91089566EA8EE038
S1130B700E94EB0194988CE120E030E087FF02C0F2
S1130B80979A01C097989698969A2F5F3F4F27306F
S1130B90310511F0880FF2CF97989698969A8F980E
S1130BA0949A80E096989927879B04C0880F991F90
S1130BB0816001C0880F969A215030409FEF2F3FEB
S1130BC0390781F7949A8F9A979A83FFD3CF66E275
S1130BD08EE00E94EB0108951F920F920FB60F92C0
S1130BE011240F900FBE0F901F9018951F920F9213
S1130BF00FB60F9211240F900FBE0F901F901895EF
S1130C001F920F920FB60F9211240F900FBE0F90E8
S1130C101F9018951F920F920FB60F9211240F90E8
S1130C200FBE0F901F9018951F920F920FB60F9240
S1130C3011240F900FBE0F901F9018951F920F92C2
S1130C400FB60F9211240F900FBE0F901F9018959E
S1130C501F920F920FB60F9211240F900FBE0F9098
S1130C601F9018951F920F920FB60F9211240F9098
S1130C700FBE0F901F9018951F920F920FB60F92F0
S1130C8011248F9383B783BF00B600FCFDCF8F91EF
S1130C900F900FBE0F901F90189578941F920F928B
S1130CA00FB60F9211240F900FBE0F901F9018953E
S1130CB078941F920F920FB60F9211240F900FBECB
S1130CC00F901F90189578941F920F920FB60F9261
S1130CD011240F900FBE0F901F90189578941F92B7
S1130CE00F920FB60F9211248F939F9386B597B5E9
S1130CF09F918F910F900FBE0F901F90189578942D
S1130D001F920F920FB60F9211242F933F938F933C
S1130D109F932FB7F89433278091C0019091C1011C
S1130D2001969093C1018093C0012FBF9F918F9131
S1130D303F912F910F900FBE0F901F9018951F9207
S1130D400F920FB60F9211242F933F934F935F93FB
S1130D506F937F938F939F93AF93BF93EF93FF937F
S1130D6083B783BF00B600FCFDCF81B799270196F6
S1130D70AA27BB27209127013091280140912901FE
S1130D8050912A01280F391F4A1F5B1F2093270106
S1130D90309328014093290150932A0178940E94AA
S1130DA0A904FF91EF91BF91AF919F918F917F9192
S1130DB06F915F914F913F912F910F900FBE0F90C4
S1130DC01F901895CF93DF938FB7F894C82FDD2722
S1130DD09C2F809104018230A9F4809122018130FA
S1130DE021F48BE00E94230209C0823059F48091DF
S1130DF0C3018093040183E080932201CFBF80E08C
S1130E0090E003C09FBF81E090E0DF91CF9108950F
S1130E100F931F93182F8FB7F894282F3327022F7F
S1130E2080912201882359F481E080932201109358
S1130E30C3012FBF0E94CA020E94E20605C080912E
S1130E40C301811721F42FBF80E090E01DC0812FE2
S1130E500E945503882319F085E090E014C0E12F27
S1130E60E695E695E695FF27EE53FE4F177081E071
S1130E7090E002C0880F991F1A95E2F72081282B71
S1130E80208380E090E00FBF1F910F9108951F937E
S1130E90CF93DF93FA01422F86836183672F7727ED
S1130EA060832FB7F894332780910A0190910B0146
S1130EB02FBF8383892F9927828382E285838FB70B
S1130EC0F894282F33279091240191FD04C0809138
S1130ED02501882321F42FBF81E090E068C0EF0151
S1130EE0A5969260909324014483F0930B02E093BF
S1130EF00A0210A614A613A612A680E881A72FBF83
S1130F001FB7F8948091F40182608093F40180917A
S1130F102301843019F48FE00E9423028091F401AC
S1130F2080FD0BC00E944A026F7170706F5F7F4F2B
S1130F307093F2016093F10106C081E090E0909318
S1130F40F2018093F101888129819927782F6627FE
S1130F503327622B732B77FD05C0609131017091AB
S1130F60320102C06095709519821882611571056D
S1130F7029F466E070E080E090E010C088279927AB
S1130F8026E632E040E050E00E94CF16672F782F2B
S1130F90892F99276A5E7F4F8F4F9F4F7093FD0172
S1130FA06093FC01812F99278FBF80E090E0DF914F
S1130FB0CF911F910895FB018183892F9927808305
S1130FC087E086838091BE019091BF01892B19F03F
S1130FD085E090E008957093BF016093BE0144835F
S1130FE080910C01882319F480E090E008958681B3
S1130FF060817727762F662721813327622B732B15
S113100010920C01242FAF010E9447079927282F23
S1131010882339F081E080930C011092BF01109273
S1131020BE01822F992708951F93CF93DF93182F22
S1131030EB01E82FFF27EE0FFF1FE254FE4F118252
S1131040108210920C01E091BE01F091BF01309723
S113105021F08091040280FF0FC081E080930C0195
S113106003C084E10E9423021123B9F4CC58D14077
S1131070A1F41092160111C02481332760817727CF
S1131080762F662781819927682B792BAF0186817A
S11310900E944707882341F3E4CFDF91CF911F914A
S11310A00895EF92FF920F931F93CF93DF93982F9E
S11310B08FB7F894E82E80911801833009F045C069
S11310C080910201891709F040C08091C4018823EE
S11310D009F045C03EC0EF2DE695E695E695FF275D
S11310E04F2D5527EC53FE4F9A012770307081E045
S11310F090E002C0880F991F2A95E2F7809520811D
S113110028232083C093170111C02196C230D10532
S113111011F4C0E0D0E0FC2E8C2F0E9446058823F9
S1131120D1F6C017D10789F74FEF50E04093F30190
S11311308FEF8093020181E08093180180E00E9488
S11311402302EFBE80E090E010C0EFBE81E090E0AB
S11311500CC082E08093020110921801F2CF8091BA
S11311601701082F1127E801D0CFDF91CF911F91EC
S11311700F91FF90EF9008951F93982F809107018E
S11311808430D1F49093070180912201882381F463
S113119012E01093220181E08093C3010E94CA02ED
S11311A00E94E20680910401813049F010922201EC
S11311B081E00E94080709C09093050206C01093BD
S11311C0BB01809301020E94D20280E090E01F9153
S11311D008950F931F936BE380E00E94EB0180ED71
S11311E097E0019701960197E1F769E380E00E9497
S11311F0EB0188EC90E0019701960197E1F70FB7B6
S1131200F89411270E9405040FBF1F910F910895B0
S11312101F920F920FB60F9211241F932F933F9397
S11312204F935F936F937F938F939F93AF93BF93EA
S1131230CF93DF93EF93FF93C4B1D5B178948FB775
S1131240F894992720914F01322F369531702170EF
S11312508FBF222309F0E0C033988091BB01813015
S113126021F0823009F0FEC00AC0332351F0D0933C
S1131270EC01C093EB018CE00E942302F3C0332302
S113128019F40E94D202EEC01092BB0140910102F7
S1131290413009F0E7C01FB7F8948091070181300D
S11312A089F0813030F08230B1F0833009F09BC096
S11312B056C0E0910501F0910601C6A38D2F992730
S11312C085A391C0D0935201C093510180E10E9443
S11312D023028FE069C02091FB012F5F2093FB0163
S11312E080910801909109010C968C179D0740F498
S11312F0809150018F5F80935001882339F402C09C
S1131300109250018091F40180FF18C083E0809313
S1131310230187E0809325011092EA011092E901EC
S11313201092300110922F018AEA80932D0180934C
S113133006020E947B03BB9ABA9A55C0253059F421
S11313400E944A026F7070706F5F7F4F7093F2015A
S11313506093F10148C082E00E94BC0844C08091BF
S11313600801909109019C0136952795369527959A
S1131370821B930B8C179D07D0F48FE00E942302ED
S113138080910801909109019C0153E036952795BD
S11313905A95E1F7820F931FC817D90720F5D09308
S11313A05201C093510180E10E9423021CC080912C
S11313B0FB018F5F8093FB018150863058F085E0FC
S11313C080930701409323018DE00E9423020E9431
S11313D0050409C083E00E94BC0880E590E0019701
S11313E001960197E1F7809105028093070184300B
S11313F061F084E08093050282E08093BB0181E088
S1131400809301020E94D20203C081E00E9414046E
S1131410812F99278FBF26C08FB7F89499278FBF44
S11314202FB7F894332786B1582F5770482F40723E
S1131430987D942B952B8074977B982B90619F7744
S1131440892F992786B9887D842B852B87738061A2
S1131450992786B9887D842B852B877B806999277A
S113146086B92FBFFF91EF91DF91CF91BF91AF91DB
S11314709F918F917F916F915F914F913F912F91A8
S11314801F910F900FBE0F901F9018951F920F92EF
S11314900FB60F9211246F927F928F929F92AF9208
S11314A0BF92CF92DF92EF92FF920F931F932F93ED
S11314B03F934F935F936F937F938F939F93AF93D8
S11314C0BF93CF93DF93EF93FF931FB180910602F5
S11314D08FB96091240162FD1095809125018830B7
S11314E009F444C0893098F4843009F456C2853034
S11314F038F4823009F470C1833009F01FC3B7C1D6
S1131500863009F4EBC2873009F018C315C08B305C
S113151009F4DBC08C3030F48930A9F18A3009F049
S11315200DC3C5C08D3009F40FC18D3008F4ECC073
S11315308E3009F003C33AC180912D0180930602D5
S11315408091E9019091EA0101969093EA018093D8
S1131550E9012091FC013091FD018217930708F401
S1131560EDC283E380932D0188E0E6C280912D01D2
S1131570809306028CEC80932D0189E080932501F1
S11315808FEF9FEF57C2C0910A02D0910B022091B6
S11315902D01209306028091E9019091EA010196C0
S11315A09093EA018093E9012C3C09F05CC00E940D
S11315B0C4013B014C01E0910A02F0910B0264A7C3
S11315C0BB27A92D982D872D83A7C401AA27BB2744
S11315D082A7892D9927AA27BB2781A7E0910A0210
S11315E0F0910B0280A58823F1F184818D5FE80FCF
S11315F0F11D2081E1808281A3809927AA27BB273E
S1131600BA2FA92F982F8827332744275527522FDD
S1131610442733272227FF24002711278701FF248B
S1131620EE242E293F29402B512BBB24CC24DD242E
S11316302A293B294C295D29822B932BA42BB52BDA
S113164086199709A809B9098383292F3A2F4B2FA3
S1131650552722839D014427552721838B2F9927C2
S1131660AA27BB278083E091E901F091EA018C81EC
S113167099270796E817F907A0F480910A02909138
S11316800B02E80FF91F608160932D0180912F01F7
S1131690909130010E94DD019093300180932F01DD
S11316A04DC280912F0180932D018AE045C2809123
S11316B02D018093060280912F0190913001892F92
S11316C0992780932D018BE013C080912D01809385
S11316D006028091E9019091EA0101969093EA0152
S11316E08093E901049708F429C260FF08C08CE0E4
S11316F0809325011092EA011092E9011FC2BB9860
S1131700BA980E940F0217C280912D01809306029D
S11317108091E9019091EA0101969093EA01809306
S1131720E9018130910529F4BB98BA980E940F020F
S113173005C2049708F402C28DE08093250110923B
S1131740080210920702D6CF80912D0180930602E1
S11317508091E9019091EA0101969093EA018093C6
S1131760E901809107029091080220E0880F991FF7
S113177017FD81603AEB8338930709F4D1C12F5FD9
S1131780283011F0110FF2CF9093080280930702D2
S11317908091E9019091EA01429708F4CFC1E09168
S11317A00A02F0910B0287A18E7FC4C181E10E94DD
S11317B023028091F4018D7F8093F40180910701CD
S11317C0843019F085E08093070181E08093230140
S11317D08DE00E942302B2C11A3A19F0153509F0BE
S11317E099C18091E9019091EA0101969093EA01EF
S11317F08093E901039758F083E0809325011092C8
S1131800EA011092E901109208021092070291E095
S11318108091F40181FF92C180FD0DC0992359F09C
S11318200E944A026F7070706F5F7F4F7093F20175
S11318306093F10183C18091F1019091F2010097CD
S113184009F47CC101979093F2018093F101892BF3
S113185009F074C180910701843019F085E0809308
S113186007011092FB0182E00E94BC0867C11A3A8A
S113187011F0153529F4812F9927982F882714C042
S11318808091E9019091EA0101969093EA01809395
S1131890E9018130910569F4212F332780910702F2
S11318A090910802822B932B909308028093070255
S11318B045C1079708F06FC00E94C4013B014C0169
S11318C0C0910702D09108029C2F8827212F33272B
S11318D0822B932B909308028093070207E0CC0F8E
S11318E0DD1F17FDC16083E3CC3CD80709F04DC070
S11318F0E0910501F091060184E0809325018CE1DB
S113190084831092EA011092E9011092300110923E
S11319102F0180910701843019F085E0809307013D
S113192082E080932301802F8770880F880F880FAF
S1131930E0912401E77CE82BE0932401E695E69509
S1131940E695E770FF27E35FFE4F8081992787FDC7
S11319509095A92FB92F681A790A8A0A9B0AE091EF
S11319600501F091060164A6BB27A92D982D872DAA
S113197083A7C401AA27BB2782A7892D9927AA2751
S1131980BB2781A780E00E94BC0801500F3F09F4E7
S1131990D5C0110FA4CF82E0ABCEE0910501F09148
S11319A0060144814D3150F082E08093250110926C
S11319B0EA011092E9010E946903C0C08091070204
S11319C090910802982F8827212F3327822B932B5D
S11319D090930802809307026695669566956770F2
S11319E002C0969587956A95E2F7BC018091E9015A
S11319F09091EA01E80FF91F60834C010894811C5F
S1131A00911C9092EA018092E901495F642E772447
S1131A106814790450F080912F01909130010E9454
S1131A20DD019093300180932F018614970439F4DB
S1131A3083E290E09093EA018093E9017FC035E26C
S1131A408316910409F07AC0E0910501F091060132
S1131A5084A123A140E050E09927982F88273327B9
S1131A60822B932B20912F01309130018217930701
S1131A7011F441E050E0242F43A3852F9927482FE8
S1131A8084A38091240180FF39C0842F9927982F43
S1131A9088273327822B932B892B81F180814181E5
S1131AA02FB7F894332760910A0170910B012FBF6F
S1131AB09927982F88275527842B952B86179707C6
S1131AC0E9F486E0809325011092EA011092E9017D
S1131AD00E947B03BB9ABA9A8AEA19C0E091E90191
S1131AE0F091EA013196F093EA01E093E901E031E3
S1131AF0F10538F00E940F02BB98BA980E94960331
S1131B001DC0EB30F105D0F0EF54FD4F849180936C
S1131B10060214C01092EA011092E90190E078CE16
S1131B209093080280930702E0910A02F0910B025D
S1131B3087A1816087A38EE080932501FF91EF91B7
S1131B40DF91CF91BF91AF919F918F917F916F91D1
S1131B505F914F913F912F911F910F91FF90EF90C3
S1131B60DF90CF90BF90AF909F908F907F906F90B9
S1131B700F900FBE0F901F901895AF92BF92CF9207
S1131B80DF92EF920F931F9380912301843009F425
S1131B9043C08530B1F1813009F04FC08091D60146
S1131BA081FD4BC090E080912E018F3108F091E0CF
S1131BB09923E1F08091310190913201892B59F4FC
S1131BC00E94DE03AB01BC01A1E0EA2E00E01AE0B2
S1131BD020E030E02FC00E94DE03AB01BC01F1E045
S1131BE0EF2E0EE110E020E030E024C00E94DE037E
S1131BF0AB01BC01E1E0EE2E00E810E020E030E0B3
S1131C0019C00E94DE03AB01BC0131E0E32E01E008
S1131C1010E020E030E00EC0A0903101B09032011D
S1131C20CC24DD240E94DE03AB01BC0121E0E22EC2
S1131C309601850181E00E94BF031F910F91EF90EF
S1131C40DF90CF90BF90AF900895AF92BF92CF92A4
S1131C50DF92EF92FF920F931F93CF93DF935B0179
S1131C606C01C0E0D0E0E5ECF1E0608561FF0EC1FD
S1131C702081318142815381E480F580068117817E
S1131C80D601C501821B930BA40BB50B8E159F05C2
S1131C90A007B10708F4FAC060FF03C06D7F608736
S1131CA008C02E0D3F1D401F511F208331834283E6
S1131CB05383C13009F486C0C13020F0C33009F029
S1131CC0EBC0BBC080E00E948004882309F439C0C3
S1131CD09FB7F89420911A01222319F421E030E0EF
S1131CE00FC080910301813019F020E030E008C07A
S1131CF040E050E02150223010F441E050E09A01DD
S1131D00892F99278FBF2223E1F08FB7F894082FEA
S1131D101127902F80910301813091F480911A0151
S1131D20813019F40E94230209C0823049F4809161
S1131D3084018093030183E080931A010FBF01C0E3
S1131D409FBF81E00E948004882309F4A5C09FB747
S1131D50F89420911B01222319F421E030E00FC0F4
S1131D6080911C01882319F020E030E008C040E095
S1131D7050E02150223010F441E050E09A01892FC4
S1131D8099278FBF222309F487C08FB7F894082FAF
S1131D901127902F80911C01882391F480911B01BD
S1131DA0813021F482E00E9423026EC0823041F42B
S1131DB080914D0180931C0183E080931B0164C0DA
S1131DC09FBF6AC08FB7F894C82FDD271C2F80915E
S1131DD023018430B9F08530F9F0813051F590E079
S1131DE080912501833009F491E0992311F58091C4
S1131DF00701843019F085E08093070181E00E9497
S1131E00BC0817C085E0809323011092FB0169E3AD
S1131E1080E00E94EB010DC00E940F0283E00E944B
S1131E20BC0880E590E0019701960197E1F7CFBFE8
S1131E3033C00E94BD0D1FBF2FC08FB7F894082F69
S1131E40112780911A01882389F491E090931A0153
S1131E50109284010FBF80911D01882321F483E037
S1131E600E94230219C090931E0116C08091840120
S1131E70882351F080E00E949504882329F48091FE
S1131E8037018160809337010FBF06C021963996D0
S1131E90C430D10509F0E9CE8AE00E942302DF9123
S1131EA0CF911F910F91FF90EF90DF90CF90BF9053
S1131EB0AF9008959F92AF92BF92CF92DF92EF922C
S1131EC0FF920F931F93CF93DF93CDB7DEB7629743
S1131ED00FB6F894DEBF0FBECDBFE82FFF27E53164
S1131EE0F10508F0E2C3EA5BFF4FEE0FFF1F059018
S1131EF0F491E02D099480910402882309F4D5C358
S1131F0040E051E092C38FB7F89499272091F301F0
S1131F102093020123E0209318018FBF80910201D6
S1131F20882321F0813009F0C0C303C0159A1D9A9B
S1131F3002C0A09AA89A0E94DE03AB01BC01F1E0A2
S1131F40EF2E0AE010E020E030E080E00E94BF03C2
S1131F50ACC32FB7F8943327809184018093030195
S1131F6083E080931A012FBF809103018093F601CF
S1131F7080E00E94080799C38FB7F89499272091AD
S1131F804D0120931C0123E020931B0121C080E01C
S1131F9005C01D98159887E007C081E00E945A0586
S1131FA084C3A898A09888E00E9423027EC380E09E
S1131FB00E94510880911E01813019F480E00E9432
S1131FC05A058FB7F894992710921E0110921D019B
S1131FD08FBF6BC381E00E94510880912001813042
S1131FE011F40E945A058FB7F89499271092200192
S1131FF010921F01EDCF80914E01882361F520914D
S1132000F7013091F8014091F9015091FA01EFB7CD
S1132010F894FF276091ED017091EE018091EF013A
S11320209091F001E0903301F0903401009135017A
S1132030109136016E0D7F1D801F911FEFBF2093FD
S1132040F7013093F8014093F9015093FA0110928B
S11320504E010E942C050E94DE0343C00E94DE0351
S11320605B016C018FB7F89499271092BD018FBF63
S1132070EFEFEE2EEFEFFE2EEFEF0E2FEFE71E2F1A
S113208060E0E5ECF1E0808581FF1CC080819181F6
S1132090A281B381A6019501281B390B4A0B5B0B66
S11320A0DA01C9012481358146815781281B390B06
S11320B04A0B5B0B2E153F05400751071CF47901B1
S11320C08A0161E0399631E0E93EF307E1F66623DF
S11320D009F4EBC21E141F04100611062CF0C601ED
S11320E0B5010E94250EE1C2E092F701F092F801D9
S11320F00093F9011093FA0181E080934E01A80145
S11321009701C601B5010E942C05CFC28FB7F89480
S113211099272091C3012093040123E020932201F5
S11321208FBF90910401992321F0913009F0BDC231
S113213006C081E08093BB011092010205C082E0D9
S11321408093BB01909301020E94D202AEC210920E
S1132150BB01A090EB01B090EC01809101028823B7
S113216009F0A3C20E94140480E00E948004882322
S113217009F4CCC09090F6018FB7F894C82E8091E2
S11321801A01833009F040C0809103018915E1F5FB
S113219080913701882309F07FC275C2ED2DE69541
S11321A0E695E695FF274D2D5527E95CFE4F9A01EC
S11321B02770307081E090E002C0880F991F2A9543
S11321C0E2F780952081282320830093190112C00F
S11321D00F5F1F4F0130110511F400E010E0D02E05
S11321E0802F0E9495048823C9F60E151F0581F7D8
S11321F04FEF50E0409384018FEF8093030181E01F
S113220080931A010E942302CFBE992009F07EC058
S113221080911601882309F079C02091020230913F
S113222003022F5F3F4F309303022093020248E5DD
S1132230A41642E0B40608F069C080912B01909185
S11322402C01019769F52530310550F510922C01C8
S113225010922B018FB7F89499272BB334E02327DE
S11322602BBB8FBF809100019091010181309105BA
S113227031F480918A0190918B01019707C00297F4
S113228049F480918A0190918B01019690938B017E
S113229080938A0188EC809394011092930116C074
S11322A010920302109202022FB7F89433278BB3D3
S11322B092E089278BBB2FBF80910001909101018F
S11322C080939401892F99278093930180918A01A7
S11322D090918B0180939801892F9927809397017E
S11322E080912B0190912C0180939601892F99273D
S11322F08093950146E06CE871E08FEF9FEF0E94B8
S1132300DB07882319F481E08093160181E00E94A1
S11323108004CBC10FB7F89411270E94BD0DDCC017
S11323208FB7F8949927209123018FBF222309F4B2
S1132330BCC10E94DE03AB01BC01EE240AEF10E035
S113234020E030E083E002CE1FB7F8948091F401DE
S113235081FD06C08091310190913201892BA1F455
S1132360809123018450823098F580910701843054
S113237019F085E08093070181E0809323018DE0CB
S11323800E94230221E025C090E080912E018F312C
S113239008F091E09923E1F090E0809125018330E9
S11323A009F491E09923A1F40E94B60381E080939B
S11323B025016F98B89AC09880910701843019F06C
S11323C085E08093070184E0809323010E94BD0D82
S11323D020E0812F99278FBF222309F466C10E9430
S11323E0E90863C18FB7F89499272091510130917E
S11323F052018FBF80912601E82FFF27EE0FFF1FA8
S1132400E45FFD4F318320838F5F80932601893001
S113241010F01092260180912E018F3118F48F5FF5
S113242080932E01DE011196ECE0F2E082E101904E
S11324300D928150E1F760E08E010F5F1F4F41E084
S113244050E0DE011396E52FFF27EE0FFF1FE00F8C
S1132450F11F2D913C9111978081918182179307EF
S113246008F4542F4F5F1296493069F7E52FFF2780
S1132470633041F0EE0FFF1FE00FF11F1182108255
S11324806F5FDDCF6091080170910901882799275A
S1132490B5E0660F771F881F991FBA95D1F7EE0F25
S11324A0FF1FE00FF11F2081318144275527220FA0
S11324B0331F441F551F620F731F841F951F0FB7CF
S11324C0F894112722E230E040E050E00E94EE163A
S11324D030930901209308010FBFE7C02FB7F89488
S11324E0332740910A0250910B02809124018D7F81
S11324F08093240182E0809325011092EA011092D6
S1132500E9012FBF80910C01882309F0CEC06091AE
S1132510BE017091BF016417750709F0C6C040E0A1
S1132520AFC08FB7F894282F3327809125018530C9
S113253011F02FBFBAC0E0910501F09106012FBF41
S1132540148184A123A19927B82FAA273327A22B6A
S1132550B32BA130B10509F04FC0808141812FB761
S1132560F894332760910A0170910B012FBF9927CA
S1132570982F88275527842B952B8617970759F072
S1132580808121819927982F88273327822B932BA9
S11325908F5F9F4F89F58681873071F58FB7F894E7
S11325A099272BB331E023272BBB8FBF163021F59E
S11325B047816085838524859927982F8827332729
S11325C0822B932B90938B0180938A015527542F50
S11325D044277727462B572B483C510549F0B093A5
S11325E02C01A0932B01109203021092020204C04A
S11325F010922C0110922B011FB7F894309721F000
S1132600F0930601E093050180912501853039F4AA
S113261082E0809325011092EA011092E9010E9460
S11326206903812F9927D4CC550F90910402852FEB
S11326308923B9F0E42FFF27EE0FFF1FE254FE4F6A
S11326402081318111821082852F80959823909367
S11326500402442331F42C58314021F51092160120
S113266021C04F5F483000F320C080910C01E82F57
S1132670FF27EE0FFF1FE254FE4F6081718141E09E
S11326800E94140812C081E08093030110921A0181
S113269080931D0184E0B6CD80911901E82EFF24BA
S11326A0870196CD550F41E0C0CF62960FB6F894DE
S11326B0DEBF0FBECDBFDF91CF911F910F91FF9071
S11326C0EF90DF90CF90BF90AF909F90089580914E
S11326D0FE018F3FB1F0282F3327F901E85CFE4F4C
S11326E080818093FE018F3F11F4809309028FEF64
S11326F080832F3F31F0822F0E945A0F81E090E0B7
S1132700089580E090E00895FF920F931F93CF9374
S1132710DF93FFB6F89445E150E06FEF70E088E393
S113272091E00E9447178FEF8093FE018093090286
S113273081E08EBD88E080BF83E083BF8CB59DB50A
S11327404AE72CB53DB52817390708F4415044230E
S113275011F0C901F6CF92B782B78917E9F32CB506
S11327603DB592B782B78917E9F38CB59DB5821B45
S1132770930B4096A5E096958795AA95E1F79093DB
S113278000028093FF0113BE83B78EBD8EB580BF58
S113279012BE1DBC1CBC8FEF86BF86B780937C0025
S11327A080B7992787709070892BD1F7D29AD19AE4
S11327B0D09ADA9AD99AD89A15BA8FEF84BBD4985A
S11327C0DC981DBC1CBC87B7846087BF8EB5887F2E
S11327D084608EBD16B8D6988C9A8E9A8F9A949AE5
S11327E0979A969A6FE380E00E94EB0160E08BE099
S11327F00E94EB01B998BF98BB98BA980E946713DE
S11328008823E1F780910001909101010196AA27A4
S1132810BB278093850190938601A0938701B09391
S11328208801809124018160809324016B986A98C7
S11328306F9A6E9A6AE380E00E94EB016BE380E09A
S11328400E94EB0180ED97E0019701960197E1F773
S113285080E88093BC0160E88BE00E94EB0160E9B2
S113286084E00E94EB0160E08FE00E94EB016FE6E0
S113287080E10E94EB0165E581E10E94EB0161E0EA
S113288083E10E94EB0101E010E0CAEED2E0FE0118
S11328906491802F0E94EB010F5F1F4F21960D3032
S11328A01105A9F7CBEFD2E0FE01649182E10E9409
S11328B0EB012997FE0184918093F5012A96FE018C
S11328C08491809354012897FE0184918093BC01E4
S11328D060E08BE00E94EB016FE382E40E94EB0175
S11328E061E180E00E94EB010E94B60561EE80E0A8
S11328F00E94EB016091540189E00E94EB0160E0C9
S11329008BE00E94EB010E94B6050E940F020E9418
S1132910B603ECE0F2E080E291E08193919322E04F
S1132920EE31F207D1F71092C20180B7886080BF00
S11329308BE083BF86EE81BF87B7826087BF0E942A
S1132940A904109237011092C4010E9467138823CE
S1132950E1F78F2D99278FBF78948FB7F894C82FFC
S1132960DD2780912301882309F591E090932501C7
S1132970809124018D7F84608093240180910701DC
S1132980843019F085E080930701909323018DE052
S11329900E9423028091F4018D7F8093F401CFBFC4
S11329A00E94E9088EE00E94230201C0CFBF10926A
S11329B08B0110928A0110922C0110922B0110921B
S11329C00302109202028FB7F894482F55274BC088
S11329D087B7992783709070892B19F4E5E0F0E0AC
S11329E013C080B7992787709070892BD1F781B76E
S11329F092B7891B8C3030F082B7853F18F4E3E03E
S1132A00F0E002C0E2E0F0E087B7887BC1F4809197
S1132A107D008B7FA1F46E9912C08AB190919A00C7
S1132A20892B887161F48091740082FD08C0379B02
S1132A3003C081E090E005C085E090E002C080E042
S1132A4090E025B78E1708F4E82FFF27EA54FD4FCE
S1132A50E491237E2062E22BE5BF78948895F89474
S1132A6085B78F7D85BF8091FE018F3F09F4B0CF7C
S1132A70282F3327F901E85CFE4F80818093FE0103
S1132A808F3F11F4809309028FEF80832F3F09F465
S1132A909FCF4FBF822F0E945A0F95CFACE2B0E078
S1132AA0E4E5F5E10C941017222E332E442E552E16
S1132AB0662E772E882E992EFE013196A8E011926B
S1132AC0AA95E9F729823A824B825C826D827E82E2
S1132AD08F829886FE013996B8E01192BA95E9F78B
S1132AE0A986BA86CB86DC86ED86FE860F87188B90
S1132AF089819A81AB81BC8189A79AA7ABA7BCA71E
S1132B007C018D018FEF9FEFA0E0B0E0E822F92275
S1132B100A231B2389A59AA5ABA5BCA51D014424A2
S1132B20552489859A85AB85BC858DA39EA3AFA3C7
S1132B30B8A75C016D018FEF9FEFA0E0B0E0A82281
S1132B40B922CA22DB228DA19EA1AFA1B8A53D0165
S1132B5088249924C801B701A60195010E94CF16C3
S1132B6069A37AA38BA39CA3C801B701A401930111
S1132B700E94CF167B018C01C201B101A60195010F
S1132B800E94CF165B016C01C201B101A401930143
S1132B900E94CF163B014C01EA0CFB1C0C1D1D1DB1
S1132BA089A19AA1ABA1BCA19D01442755272E0D53
S1132BB03F1D401F511F2A153B054C055D0540F480
S1132BC080E090E0A1E0B0E0680E791E8A1E9B1EB2
S1132BD0CA01AA27BB27860D971DA81DB91D8D8F75
S1132BE09E8FAF8FB8A3A9013327222789A19AA169
S1132BF0ABA1BCA1A070B070280F391F4A1F5B1F86
S1132C00298F3A8F4B8F5C8FA98CBA8CCB8CDC8C40
S1132C10ED8CFE8C0F8D18A1FE01719698E0119237
S1132C209A95E9F7ED8AFE8A0F8B188F2D813E81E4
S1132C304F8158856DA17EA18FA198A50E94CF16C2
S1132C403B014C012D853E854F85588969A57AA5A0
S1132C508BA59CA50E94CF162D893E894F89588D3E
S1132C60260F371F481F591F260D371D481D591D94
S1132C702D8B3E8B4F8B588F6D887E888F88988CD8
S1132C802A2D3B2D4C2D5D2D662D772D882D992DCC
S1132C90E2E1AC960C942C17A0E1B0E0E2E5F6E199
S1132CA00C941017222E332E442E552E662E772E7A
S1132CB0882E992E002309F466C088E0FE0131961F
S1132CC011928A95E9F729833A834B835C836D8358
S1132CD07E838F829887E0E2E01B1E16CCF52D815F
S1132CE03E814F815885602F772767FD7095DA0103
S1132CF0C901062E04C0B695A795979587950A94A1
S1132D00D2F78D879E87AF87B88B04C0220F331FFD
S1132D10441F551FEA95D2F789819A81AB81BC8102
S1132D2004C0B695A795979587956A95D2F7282BF1
S1132D30392B4A2B5B2B29873A874B875C8729845D
S1132D403A844B845C846D847E848F8498881BC011
S1132D501D861E861F86188A2E2F332727FD309541
S1132D60309521953F4F8D819E81AF81B88504C0F8
S1132D70B695A795979587952A95D2F789879A87C7
S1132D80AB87BC87DCCF222D332D442D552D662DEA
S1132D90772D882D992DE2E160960C942C17629F73
S1132DA0D001739FF001829FE00DF11D649FE00D3F
S1132DB0F11D929FF00D839FF00D749FF00D659FA0
S1132DC0F00D9927729FB00DE11DF91F639FB00D9F
S1132DD0E11DF91FBD01CF0111240895A1E21A2EAE
S1132DE0AA1BBB1BFD010DC0AA1FBB1FEE1FFF1FAB
S1132DF0A217B307E407F50720F0A21BB30BE40BFB
S1132E00F50B661F771F881F991F1A9469F7609541
S1132E107095809590959B01AC01BD01CF010895FB
S1132E202F923F924F925F926F927F928F929F92D6
S1132E30AF92BF92CF92DF92EF92FF920F931F93C4
S1132E40CF93DF93CDB7DEB7CA1BDB0B0FB6F89475
S1132E50DEBF0FBECDBF09942A88398848885F84B5
S1132E606E847D848C849B84AA84B984C884DF8026
S1132E70EE80FD800C811B81AA81B981CE0FD11D0A
S1132E800FB6F894DEBF0FBECDBFED010895DC018F
S1112E9001C06D9341505040E0F70895FFCF0C
S1132E9E010002010255010420010100011B1C1E48
S1092EAE20222426280066
S9030000FC
